<?xml version="1.0" encoding="UTF-8"?>
<!-- Generated by org.testng.reporters.JUnitReportReporter -->
<testsuite hostname="DESKTOP-8VUQA4O" name="AutomationFC.com.Topic_01_Check_Environment" tests="3" failures="0" timestamp="11 Jul 2020 11:34:57 GMT" time="0.141" errors="0">
  <testcase name="TC_01_ValidateCurrentUrl" time="0.047" classname="AutomationFC.com.Topic_01_Check_Environment"/>
  <testcase name="TC_03_LoginFormDisplayed" time="0.074" classname="AutomationFC.com.Topic_01_Check_Environment"/>
  <testcase name="TC_02_ValidatePageTitle" time="0.020" classname="AutomationFC.com.Topic_01_Check_Environment"/>
</testsuite> <!-- AutomationFC.com.Topic_01_Check_Environment -->
