<?xml version="1.0" encoding="UTF-8"?>
<!-- Generated by org.testng.reporters.JUnitReportReporter -->
<testsuite hostname="DESKTOP-8VUQA4O" name="AutomationFC.com.Topic_01_Check_Environment" tests="3" failures="0" timestamp="11 Jul 2020 14:27:21 GMT" time="0.084" errors="0">
  <testcase name="TC_01_ValidateCurrentUrl" time="0.017" classname="AutomationFC.com.Topic_01_Check_Environment"/>
  <testcase name="TC_03_LoginFormDisplayed" time="0.058" classname="AutomationFC.com.Topic_01_Check_Environment"/>
  <testcase name="TC_02_ValidatePageTitle" time="0.009" classname="AutomationFC.com.Topic_01_Check_Environment"/>
</testsuite> <!-- AutomationFC.com.Topic_01_Check_Environment -->
